<?xml version="1.0" encoding="UTF-8"?>
<!-- Generated by org.testng.reporters.JUnitReportReporter -->
<testsuite hostname="SangeethaPrabakaran" failures="0" tests="1" name="org.testng.ChromeReport" time="4.176" errors="0" timestamp="2022-05-26T16:18:55 IST" skipped="0">
  <testcase classname="org.testng.ChromeReport" name="tc1" time="4.176"/>
  <system-out/>
</testsuite> <!-- org.testng.ChromeReport -->
