<?xml version="1.0" encoding="UTF-8"?>
<!-- Generated by org.testng.reporters.JUnitReportReporter -->
<testsuite hostname="SangeethaPrabakaran" failures="0" tests="7" name="org.testng.PriorityExample" time="11.119" errors="0" timestamp="2022-05-26T11:50:24 IST" skipped="4">
  <testcase classname="org.testng.PriorityExample" name="tc2" time="3.409"/>
  <system-out/>
  <testcase classname="org.testng.PriorityExample" name="tc2" time="3.617"/>
  <system-out/>
  <testcase classname="org.testng.PriorityExample" name="tc2" time="4.093"/>
  <system-out/>
  <testcase classname="org.testng.PriorityExample" name="tc1">
    <skipped/>
  </testcase> <!-- tc1 -->
  <system-out/>
  <testcase classname="org.testng.PriorityExample" name="tc3">
    <skipped/>
  </testcase> <!-- tc3 -->
  <system-out/>
  <testcase classname="org.testng.PriorityExample" name="tc5">
    <skipped/>
  </testcase> <!-- tc5 -->
  <system-out/>
  <testcase classname="org.testng.PriorityExample" name="tc4">
    <skipped/>
  </testcase> <!-- tc4 -->
  <system-out/>
</testsuite> <!-- org.testng.PriorityExample -->
