<?xml version="1.0" encoding="UTF-8"?>
<!-- Generated by org.testng.reporters.JUnitReportReporter -->
<testsuite hostname="SangeethaPrabakaran" failures="0" tests="3" name="org.testng.FlipkartParallel" time="30.918" errors="0" timestamp="2022-05-27T15:54:57 IST" skipped="0">
  <testcase classname="org.testng.FlipkartParallel" name="tc1" time="10.522"/>
  <system-out/>
  <testcase classname="org.testng.FlipkartParallel" name="tc1" time="10.090"/>
  <system-out/>
  <testcase classname="org.testng.FlipkartParallel" name="tc1" time="10.306"/>
  <system-out/>
</testsuite> <!-- org.testng.FlipkartParallel -->
