<?xml version="1.0" encoding="UTF-8"?>
<!-- Generated by org.testng.reporters.JUnitReportReporter -->
<testsuite hostname="SangeethaPrabakaran" failures="0" tests="1" name="org.testng.FbValidate" time="0.280" errors="0" timestamp="2022-05-27T16:48:47 IST" skipped="0">
  <testcase classname="org.testng.FbValidate" name="tc1" time="0.280"/>
  <system-out/>
</testsuite> <!-- org.testng.FbValidate -->
