<?xml version="1.0" encoding="UTF-8"?>
<!-- Generated by org.testng.reporters.JUnitReportReporter -->
<testsuite hostname="SangeethaPrabakaran" failures="0" tests="2" name="org.testng.SampleTestng" time="0.669" errors="0" timestamp="2022-05-18T18:50:05 IST" skipped="0">
  <testcase classname="org.testng.SampleTestng" name="fbLoad" time="0.668"/>
  <system-out/>
  <testcase classname="org.testng.SampleTestng" name="fbLog" time="0.001"/>
  <system-out/>
</testsuite> <!-- org.testng.SampleTestng -->
