<?xml version="1.0" encoding="UTF-8"?>
<!-- Generated by org.testng.reporters.JUnitReportReporter -->
<testsuite hostname="SangeethaPrabakaran" failures="0" tests="2" name="org.sample.TestNgSample" time="0.007" errors="0" timestamp="17 May 2022 07:28:28 GMT" skipped="0">
  <testcase classname="org.sample.TestNgSample" name="tc2" time="0.001"/>
  <testcase classname="org.sample.TestNgSample" name="tc1" time="0.006"/>
</testsuite> <!-- org.sample.TestNgSample -->
