<?xml version="1.0" encoding="UTF-8"?>
<!-- Generated by org.testng.reporters.JUnitReportReporter -->
<testsuite hostname="SangeethaPrabakaran" failures="0" tests="7" name="org.testng.GroupingExample" time="6.606" errors="0" timestamp="2022-05-27T23:14:38 IST" skipped="4">
  <testcase classname="org.testng.GroupingExample" name="tc2" time="1.658"/>
  <system-out/>
  <testcase classname="org.testng.GroupingExample" name="tc2" time="1.971"/>
  <system-out/>
  <testcase classname="org.testng.GroupingExample" name="tc2" time="2.977"/>
  <system-out/>
  <testcase classname="org.testng.GroupingExample" name="tc3">
    <skipped/>
  </testcase> <!-- tc3 -->
  <system-out/>
  <testcase classname="org.testng.GroupingExample" name="tc1">
    <skipped/>
  </testcase> <!-- tc1 -->
  <system-out/>
  <testcase classname="org.testng.GroupingExample" name="tc4">
    <skipped/>
  </testcase> <!-- tc4 -->
  <system-out/>
  <testcase classname="org.testng.GroupingExample" name="tc5">
    <skipped/>
  </testcase> <!-- tc5 -->
  <system-out/>
</testsuite> <!-- org.testng.GroupingExample -->
