<?xml version="1.0" encoding="UTF-8"?>
<!-- Generated by org.testng.reporters.JUnitReportReporter -->
<testsuite hostname="SangeethaPrabakaran" failures="0" tests="1" name="org.testng.SampleGrouping" time="0.005" errors="0" timestamp="2022-05-20T18:23:13 IST" skipped="0">
  <testcase classname="org.testng.SampleGrouping" name="tc33" time="0.005"/>
  <system-out/>
</testsuite> <!-- org.testng.SampleGrouping -->
